[0;34m[01:51:18][0m Starting iPad Screenshots Capture Process
[0;32m[✓][0m Found Flutter app at: /Users/yuyafujita/Projects/ai-director-project/app/snap_english
[0;34m[01:51:18][0m Creating screenshots directory: /Users/yuyafujita/Projects/ai-director-project/assets/screenshots/ipad
[0;34m[01:51:18][0m Finding iPad Pro simulator...
[1;33m[!][0m No iPad Pro simulator found. Attempting to create one...
[0;34m[01:51:19][0m Creating iPad Pro 12.9-inch simulator with iOS 26.2...
[0;32m[✓][0m Created iPad simulator: 26173438-C649-4E97-8A40-198F632E0E79
[0;34m[01:51:19][0m Checking simulator state...
[0;34m[01:51:19][0m Booting iPad simulator...
[0;34m[01:51:20][0m Waiting for simulator to fully boot (15 seconds)...
[0;32m[✓][0m Simulator booted
[0;34m[01:51:35][0m Building Flutter app for simulator...
Resolving dependencies...
Downloading packages...
  characters 1.4.0 (1.4.1 available)
  flutter_dotenv 5.2.1 (6.0.0 available)
  flutter_riverpod 2.6.1 (3.2.1 available)
  freezed_annotation 2.4.4 (3.1.0 available)
  intl 0.19.0 (0.20.2 available)
  matcher 0.12.17 (0.12.18 available)
  material_color_utilities 0.11.1 (0.13.0 available)
  meta 1.17.0 (1.18.1 available)
  purchases_flutter 8.11.0 (9.12.0 available)
  riverpod 2.6.1 (3.2.1 available)
  share_plus 10.1.4 (12.0.1 available)
  share_plus_platform_interface 5.0.2 (6.1.0 available)
  test_api 0.7.7 (0.7.9 available)
Got dependencies!
13 packages have newer versions incompatible with dependency constraints.
Try `flutter pub outdated` for more information.
Release mode is not supported for simulators.
[0;32m[✓][0m Flutter app built successfully
[0;34m[01:51:36][0m Locating built app bundle...
[1;33m[!][0m App bundle not found in expected location, searching entire build directory...
[0;32m[✓][0m Found app bundle: /Users/yuyafujita/Projects/ai-director-project/app/snap_english/build/Runner.prepare-signing.xcarchive/Products/Applications/Runner.app
[0;34m[01:51:36][0m Installing app on simulator...
[0;32m[✓][0m App installed successfully
[0;34m[01:51:42][0m Reading bundle ID from built app...
[0;34m[01:51:42][0m Using bundle ID: Binary file /Users/yuyafujita/Projects/ai-director-project/app/snap_english/build/Runner.prepare-signing.xcarchive/Products/Applications/Runner.app/Info.plist matches
[0;34m[01:51:42][0m Launching app on simulator...
[0;34m[01:56:31][0m Starting iPad Screenshots Capture Process
[0;32m[OK][0m Found Flutter app at: /Users/yuyafujita/Projects/ai-director-project/app/snap_english
[0;34m[01:56:31][0m Finding iPad Pro simulator...
[1;33m[WARN][0m No iPad Pro simulator found. Attempting to create one...
[0;34m[01:56:32][0m Creating iPad Pro 12.9-inch simulator with runtime com.apple.CoreSimulator.SimRuntime.iOS-26-2...
[0;32m[OK][0m Created iPad simulator: 8B37A2ED-2273-4D2D-BA8E-D3EFC4484D14
[0;34m[01:56:32][0m Checking simulator state...
[0;34m[01:56:32][0m Booting iPad simulator...
[0;34m[01:56:32][0m Waiting for simulator boot (15 seconds)...
[0;32m[OK][0m Simulator booted
[0;34m[01:56:47][0m Building Flutter app for simulator (debug)...
Resolving dependencies...
Downloading packages...
  characters 1.4.0 (1.4.1 available)
  flutter_dotenv 5.2.1 (6.0.0 available)
  flutter_riverpod 2.6.1 (3.2.1 available)
  freezed_annotation 2.4.4 (3.1.0 available)
  intl 0.19.0 (0.20.2 available)
  matcher 0.12.17 (0.12.18 available)
  material_color_utilities 0.11.1 (0.13.0 available)
  meta 1.17.0 (1.18.1 available)
  purchases_flutter 8.11.0 (9.12.0 available)
  riverpod 2.6.1 (3.2.1 available)
  share_plus 10.1.4 (12.0.1 available)
  share_plus_platform_interface 5.0.2 (6.1.0 available)
  test_api 0.7.7 (0.7.9 available)
Got dependencies!
13 packages have newer versions incompatible with dependency constraints.
Try `flutter pub outdated` for more information.
Building com.marumiworks.snapEnglish for simulator (ios)...
Running Xcode build...                                          
Xcode build done.                                           32.4s
✓ Built build/ios/iphonesimulator/Runner.app
[0;32m[OK][0m Flutter app built successfully
[0;34m[01:57:28][0m Locating built app bundle...
[0;32m[OK][0m Found app bundle: /Users/yuyafujita/Projects/ai-director-project/app/snap_english/build/ios/iphonesimulator/Runner.app
[0;34m[01:57:28][0m Installing app on simulator...
[0;32m[OK][0m App installed successfully
[0;34m[01:57:33][0m Reading bundle ID from built app...
[0;34m[01:57:33][0m Using bundle ID: com.marumiworks.snapEnglish
[0;34m[01:57:33][0m Launching app on simulator...
[0;34m[01:57:33][0m Waiting for app to render (8 seconds)...
[0;32m[OK][0m App should now be visible
[0;34m[01:57:41][0m Non-interactive / auto-navigation mode.
[0;34m[01:57:41][0m Starting auto navigation + capture sequence...
[0;34m[01:57:41][0m [1/5] Home
Detected file type 'PNG' from extension
Wrote screenshot to: /Users/yuyafujita/Projects/ai-director-project/assets/screenshots/ipad/home_screen_ipad.png
[0;32m[OK][0m Screenshot saved: /Users/yuyafujita/Projects/ai-director-project/assets/screenshots/ipad/home_screen_ipad.png
[0;34m[01:57:42][0m Wait 8s ...
[0;34m[01:57:50][0m [2/5] History
[1;33m[WARN][0m Could not get Simulator window geometry. Skipping tap.
[0;34m[02:02:21][0m Starting iPad Screenshots Capture Process
[0;32m[OK][0m Found Flutter app at: /Users/yuyafujita/Projects/ai-director-project/app/snap_english
[0;34m[02:02:21][0m Finding iPad Pro simulator...
[1;33m[WARN][0m No iPad Pro simulator found. Attempting to create one...
[0;34m[02:02:21][0m Creating iPad Pro 12.9-inch simulator with runtime com.apple.CoreSimulator.SimRuntime.iOS-26-2...
[0;32m[OK][0m Created iPad simulator: EE2BBED5-20D3-476C-A8B0-99F18AE4524C
[0;34m[02:02:22][0m Checking simulator state...
[0;34m[02:02:22][0m Booting iPad simulator...
[0;34m[02:02:22][0m Waiting for simulator boot (15 seconds)...
[0;32m[OK][0m Simulator booted
[0;34m[02:02:37][0m Building Flutter app for simulator (debug)...
Resolving dependencies...
Downloading packages...
  characters 1.4.0 (1.4.1 available)
  flutter_dotenv 5.2.1 (6.0.0 available)
  flutter_riverpod 2.6.1 (3.2.1 available)
  freezed_annotation 2.4.4 (3.1.0 available)
  intl 0.19.0 (0.20.2 available)
  matcher 0.12.17 (0.12.18 available)
  material_color_utilities 0.11.1 (0.13.0 available)
  meta 1.17.0 (1.18.1 available)
  purchases_flutter 8.11.0 (9.12.0 available)
  riverpod 2.6.1 (3.2.1 available)
  share_plus 10.1.4 (12.0.1 available)
  share_plus_platform_interface 5.0.2 (6.1.0 available)
  test_api 0.7.7 (0.7.9 available)
Got dependencies!
13 packages have newer versions incompatible with dependency constraints.
Try `flutter pub outdated` for more information.
Building com.marumiworks.snapEnglish for simulator (ios)...
Running Xcode build...                                          
Xcode build done.                                           16.2s
✓ Built build/ios/iphonesimulator/Runner.app
[0;32m[OK][0m Flutter app built successfully
[0;34m[02:03:04][0m Locating built app bundle...
[0;32m[OK][0m Found app bundle: /Users/yuyafujita/Projects/ai-director-project/app/snap_english/build/ios/iphonesimulator/Runner.app
[0;34m[02:03:04][0m Installing app on simulator...
[0;32m[OK][0m App installed successfully
[0;34m[02:03:10][0m Reading bundle ID from built app...
[0;34m[02:03:10][0m Using bundle ID: com.marumiworks.snapEnglish
[0;34m[02:03:10][0m Launching app on simulator...
[0;34m[02:03:11][0m Waiting for app to render (8 seconds)...
[0;32m[OK][0m App should now be visible
[0;34m[02:03:19][0m Non-interactive / auto-navigation mode.
[0;34m[02:03:19][0m Starting auto navigation + capture sequence...
[0;34m[02:03:19][0m [1/5] Home
Detected file type 'PNG' from extension
Wrote screenshot to: /Users/yuyafujita/Projects/ai-director-project/assets/screenshots/ipad/home_screen_ipad.png
[0;32m[OK][0m Screenshot saved: /Users/yuyafujita/Projects/ai-director-project/assets/screenshots/ipad/home_screen_ipad.png
[0;34m[02:03:19][0m Wait 8s ...
[0;34m[02:03:27][0m [2/5] History
[1;33m[WARN][0m Could not get Simulator window geometry. Skipping tap.
